Operating System information:
5.0 (Windows NT 10.0; Win64; x64) AppleWebKit/537.36 (KHTML, like Gecko) metaboverse/0.9.0 Chrome/83.0.4103.122 Electron/9.4.4 Safari/537.36
Log date: 2022-02-28

C:\Users\jorda\Desktop\projects\Metaboverse\app\python\metaboverse-cli-windows.exe curate --output "C:\\Users\\jorda\\Desktop\\projects\\Metaboverse-manuscript\\manuscript_files" --organism_id "SCE" --output_file "C:\\Users\\jorda\\Desktop\\projects\\Metaboverse-manuscript\\manuscript_files\\mct1_12hr.mvrs" --organism_curation_file "None" --neighbor_dictionary_file "None" --graph_template_file "None" --transcriptomics "C:\\Users\\jorda\\Desktop\\projects\\Metaboverse-manuscript\\data\\sce_mct1_omics\\sce_mct1_12hr_counts_diffx.txt" --proteomics "C:\\Users\\jorda\\Desktop\\projects\\Metaboverse-manuscript\\data\\sce_mct1_omics\\proteomics_mct1_12hr.txt" --metabolomics "C:\\Users\\jorda\\Desktop\\projects\\Metaboverse-manuscript\\data\\sce_mct1_omics\\mct1_12hr_metabolomics.txt" --database_source "reactome" --experiment_type "None" --experiment_name "mct1-12hr" --labels "0" --blocklist "H+,H2O,CO2,e-,Mn2+,K+,Na+,Mg2+,O2,H2O2,NAD+,NADH,NADPH,NAAD,ATP,ADP,Pi,PPi,Ca2+" --broadcast_genes --broadcast_metabolites --collapse_threshold "0.3" --progress_log "C:\\Users\\jorda\\AppData\\Roaming\\metaboverse\\progress_log.json" --session_data "C:\\Users\\jorda\\AppData\\Roaming\\metaboverse\\session_data.json"
Metaboverse-CLI version: 0.9.0
======================
User commands summary:
======================
cmd: curate
output: C:\Users\jorda\Desktop\projects\Metaboverse-manuscript\manuscript_files\
organism_id: SCE
organism_curation_file: None
neighbor_dictionary_file: None
graph_template_file: None
output_file: C:\\Users\\jorda\\Desktop\\projects\\Metaboverse-manuscript\\manuscript_files\\mct1_12hr.mvrs
transcriptomics: C:\Users\jorda\Desktop\projects\Metaboverse-manuscript\data\sce_mct1_omics\sce_mct1_12hr_counts_diffx.txt
proteomics: C:\Users\jorda\Desktop\projects\Metaboverse-manuscript\data\sce_mct1_omics\proteomics_mct1_12hr.txt
metabolomics: C:\Users\jorda\Desktop\projects\Metaboverse-manuscript\data\sce_mct1_omics\mct1_12hr_metabolomics.txt
database_source: reactome
force_new_curation: False
collapse_with_modifiers: False
broadcast_genes: True
broadcast_metabolites: True
experiment_type: None
experiment_name: mct1-12hr
labels: 0
blocklist: H+,H2O,CO2,e-,Mn2+,K+,Na+,Mg2+,O2,H2O2,NAD+,NADH,NADPH,NAAD,ATP,ADP,Pi,PPi,Ca2+
collapse_threshold: 0.3
session_data: C:\Users\jorda\AppData\Roaming\metaboverse\session_data.json
progress_log: C:\Users\jorda\AppData\Roaming\metaboverse\progress_log.json
path: C:\Users\jorda\AppData\Local\Temp\_MEI171122\
=====================
End commands summary
=====================

Back-end parsed arguments:
{'cmd': 'curate', 'output': 'C:\\Users\\jorda\\Desktop\\projects\\Metaboverse-manuscript\\manuscript_files\\', 'organism_id': 'SCE', 'organism_curation_file': 'None', 'neighbor_dictionary_file': 'None', 'graph_template_file': 'None', 'output_file': 'C:\\\\Users\\\\jorda\\\\Desktop\\\\projects\\\\Metaboverse-manuscript\\\\manuscript_files\\\\mct1_12hr.mvrs', 'transcriptomics': 'C:\\Users\\jorda\\Desktop\\projects\\Metaboverse-manuscript\\data\\sce_mct1_omics\\sce_mct1_12hr_counts_diffx.txt', 'proteomics': 'C:\\Users\\jorda\\Desktop\\projects\\Metaboverse-manuscript\\data\\sce_mct1_omics\\proteomics_mct1_12hr.txt', 'metabolomics': 'C:\\Users\\jorda\\Desktop\\projects\\Metaboverse-manuscript\\data\\sce_mct1_omics\\mct1_12hr_metabolomics.txt', 'database_source': 'reactome', 'force_new_curation': False, 'collapse_with_modifiers': False, 'broadcast_genes': True, 'broadcast_metabolites': True, 'experiment_type': 'None', 'experiment_name': 'mct1-12hr', 'labels': '0', 'blocklist': 'H+,H2O,CO2,e-,Mn2+,K+,Na+,Mg2+,O2,H2O2,NAD+,NADH,NADPH,NAAD,ATP,ADP,Pi,PPi,Ca2+', 'collapse_threshold': 0.3, 'session_data': 'C:\\Users\\jorda\\AppData\\Roaming\\metaboverse\\session_data.json', 'progress_log': 'C:\\Users\\jorda\\AppData\\Roaming\\metaboverse\\progress_log.json', 'path': 'C:\\Users\\jorda\\AppData\\Local\\Temp\\_MEI171122\\'}

Generating Metaboverse-compatible database...
Downloading pre-curated .MVDB database... 
	 https://rutter.chpc.utah.edu/Metaboverse/source/v0.9.0/mvdb/SCE.mvdb
Skipping organism network modeling as one was found...
Curating data onto the network model...
Data processed of dimensions: (11213, 1)
Downloading Metaboverse graph template for organism...
Downloading graph template database... 
	 https://rutter.chpc.utah.edu/Metaboverse/source/v0.9.0/mvrs/SCE_template.mvrs
Reading metabolite mapper...
Successfully loaded network with 8355 nodes and 21229 edges
Downloading Metaboverse neighbors dictionary for organism...
Downloading nearest neighbors database... 
	 https://rutter.chpc.utah.edu/Metaboverse/source/v0.9.0/nbdb/SCE.nbdb
Modeling data onto network...
Post-processing graph metadata...
Mapping user data...
Mapping data onto network...
Input data dimensions: (11213, 1)
Warning: Duplicate row names were found. All duplicate data were 
removed from downstream processing. Choose one row per name to 
maintain the duplicated entity in downstream processing.

 Unmapped entities:
	-> YKR017C
	-> YNL011C
	-> YKL023C-A
	-> YPR114W
	-> YKL050C
	-> YKR018C
	-> YJL045W
	-> YDR444W
	-> YOR111W
	-> YPR084W
	-> YMR226C
	-> YHR202W
	-> YBR071W
	-> YPL191C
	-> YDL199C
	-> YDL121C
	-> YNL200C
	-> YMR265C
	-> YBR085C-A
	-> YDR061W
	-> YPL066W
	-> YIR035C
	-> YPL077C
	-> YPR003C
	-> YGL082W
	-> YER064C
	-> YML108W
	-> YIR024C
	-> YPL109C
	-> YMR099C
	-> YFL013W-A
	-> YNL194C
	-> YOR131C
	-> YLR257W
	-> YPL041C
	-> YMR122W-A
	-> YOR022C
	-> YDR341C
	-> YHR020W
	-> YOR059C
	-> YKR078W
	-> YFR018C
	-> YER158C
	-> YOL098C
	-> YLR345W
	-> YDL119C
	-> YBR241C
	-> YNR064C
	-> YDL129W
	-> YDR132C
	-> YDR379C-A
	-> YDR514C
	-> YJR111C
	-> YNR048W
	-> YKR096W
	-> YOR093C
	-> YLR211C
	-> YOR390W
	-> YIL161W
	-> YJR142W
	-> YLR108C
	-> YNL115C
	-> YJL068C
	-> YCR016W
	-> YBL095W
	-> YPL168W
	-> YDR089W
	-> YNL155W
	-> YKL023W
	-> YKR070W
	-> YGL140C
	-> YKL065W-A
	-> YBR197C
	-> YMR209C
	-> YMR181C
	-> YOL086W-A
	-> YAL044W-A
	-> YLR063W
	-> YMR111C
	-> YBL028C
	-> YIL077C
	-> YEL047C
	-> YMR166C
	-> YCR043C
	-> YLR283W
	-> YOR052C
	-> YGR251W
	-> YDL176W
	-> YIL055C
	-> YNL095C
	-> YPR089W
	-> YJL218W
	-> YKL075C
	-> YMR178W
	-> YGR125W
	-> YLR243W
	-> YDR415C
	-> YBR096W
	-> YLR143W
	-> YPL199C
	-> YJR096W
	-> YLR271W
	-> YBR238C
	-> YIL151C
	-> YER152C
	-> YGL036W
	-> YHR078W
	-> YNL134C
	-> YBR255C-A
	-> YHL017W
	-> YLR446W
	-> YOR021C
	-> YGL117W
	-> YGR126W
	-> YBR126W-A
	-> YJR124C
	-> YFL052W
	-> YEL025C
	-> YER121W
	-> YBR225W
	-> YIR007W
	-> YLR177W
	-> YLR352W
	-> YPR098C
	-> YMR124W
	-> YPR010C-A
	-> YIR014W
	-> YHR003C
	-> YGR017W
	-> YOL073C
	-> YLR132C
	-> YDL183C
	-> YJL049W
	-> YMR074C
	-> YDR381C-A
	-> YBR230W-A
	-> YGR127W
	-> YLR072W
	-> YLR281C
	-> YBL081W
	-> YGR035C
	-> YDR131C
	-> YEL020C
	-> YNL181W
	-> YHR214C-B
	-> YKL018C-A
	-> YNL058C
	-> YKL151C
	-> YFL042C
	-> YMR196W
	-> YMR252C
	-> YOL057W
	-> YGR012W
	-> YJR011C
	-> YDR262W
	-> YBR141C
	-> YLR455W
	-> YDR161W
	-> YHR122W
	-> YDL124W
	-> YNL054W-B
	-> YML082W
	-> YHR138C
	-> YMR086W
	-> YLR413W
	-> YHR112C
	-> YCR076C
	-> YHR097C
	-> YNL208W
	-> YBR287W
	-> YGR250C
	-> YBL086C
	-> YDL086W
	-> YDR056C
	-> YPR091C
	-> YDR306C
	-> YBL036C
	-> YDR090C
	-> YPL113C
	-> YMR185W
	-> YML018C
	-> YOR238W
	-> YDR026C
	-> YDR248C
	-> YPR169W-A
	-> YGR021W
	-> YGR111W
	-> YDL057W
	-> YOR296W
	-> YOR289W
	-> YJL070C
	-> YGR149W
	-> YJL185C
	-> YGL185C
	-> YMR010W
	-> YLR361C-A
	-> YMR315W
	-> YGL159W
	-> YPR172W
	-> YJR141W
	-> YOL087C
	-> YGL041W-A
	-> YBR056W
	-> YKL100C
	-> YDR307W
	-> YBR259W
	-> YNL092W
	-> YPR071W
	-> YDL157C
	-> YDL177C
	-> YOR385W
	-> YOR223W
	-> YIL001W
	-> YOR283W
	-> YLR460C
	-> YOR389W
	-> YJL132W
	-> YDR239C
	-> YHR182W
	-> YPL150W
	-> YCR051W
	-> YLR225C
	-> YPL236C
	-> YFR016C
	-> YGR053C
	-> YOR262W
	-> YLR290C
	-> YPL225W
	-> YDR387C
	-> YLL007C
	-> YBR139W
	-> YDL085C-A
	-> YJL206C
	-> YBL010C
	-> YML037C
	-> YPR022C
	-> YGR201C
	-> YOR152C
	-> YLR407W
	-> YDL144C
	-> YDL063C
	-> YNL193W
	-> YER010C
	-> YFR039C
	-> YPL260W
	-> YDR282C
	-> YER077C
	-> YGL114W
	-> YPR147C
	-> YGR122W
	-> YDR348C
	-> YGR071C
	-> YJL147C
	-> YGL108C
	-> YEL043W
	-> YJL133C-A
	-> YKL107W
	-> YCR090C
	-> YJR098C
	-> YOL092W
	-> YKL133C
	-> YGR283C
	-> YBR271W
	-> YDL180W
	-> YKR023W
	-> YHR127W
	-> YHR080C
	-> YPR174C
	-> YDR119W-A
	-> YJL055W
	-> YDL073W
	-> YGR079W
	-> YNL035C
	-> YCL049C
	-> YMR187C
	-> YER140W
	-> YMR134W
	-> YNL050C
	-> YGR054W
	-> YCR023C
	-> YLR001C
	-> YKL105C
	-> YOL159C
	-> YGR042W
	-> YNL195C
	-> YDR186C
	-> YLR419W
	-> YJR008W
	-> YOR352W
	-> YPR127W
	-> YER156C
	-> YBL059W
	-> YOR246C
	-> YDR266C
	-> YBL107C
	-> YNL295W
	-> YDL012C
	-> YMR221C
	-> YLL054C
	-> YFR045W
	-> YML079W
	-> YNL260C
	-> YBR016W
	-> YMR130W
	-> YGR235C
	-> YMR244C-A
	-> YGL242C
	-> YMR206W
	-> YDR336W
	-> YNR029C
	-> YPR063C
	-> YMR118C
	-> YMR144W
	-> YMR253C
	-> YGR169C-A
	-> YML119W
	-> YBR137W
	-> YGR001C
	-> YNR034W-A
	-> YJR129C
	-> YDR352W
	-> YCL012C
	-> YBR074W
	-> YOR097C
	-> YER079W
	-> YKL047W
	-> YDR338C
	-> YDR506C
	-> YGR266W
	-> YDR541C
	-> YLR050C
	-> YMR027W
	-> YDR370C
	-> YHR045W
	-> YJL193W
	-> YGR130C
	-> YLR422W
	-> YNL040W
	-> YKL069W
	-> YHR131C
	-> YDR286C
	-> YMR114C
	-> YDR333C
	-> YMR210W
	-> YPR148C
	-> YER034W
	-> YBR053C
	-> YKL033W-A
	-> YDL206W
	-> YKR041W
	-> YOL036W
	-> YPR153W
	-> YBL029C-A
	-> YHR177W
	-> YNL022C
	-> YJR003C
	-> YPL107W
	-> YMR147W
	-> YML096W
	-> YOL107W
	-> YGL039W
	-> YCL057C-A
	-> YJR149W
	-> YPL014W
	-> YMR295C
	-> YPL245W
	-> YER163C
	-> YKL091C
	-> YLR173W
	-> YPR109W
	-> YNR040W
	-> YHR192W
	-> YDR109C
	-> YMR262W
	-> YKL077W
	-> YLL058W
	-> YMR102C
	-> YDL156W
	-> YJL171C
	-> YPR097W
	-> YIL096C
	-> YNL010W
	-> YGR117C
	-> YLR036C
	-> YLR057W
	-> YIL156W-B
	-> YML131W
	-> YPL108W
	-> YGL101W
	-> YMR155W
	-> YHL008C
	-> YLR312C
	-> YDR391C
	-> YER130C
	-> YLR287C
	-> YMR087W
	-> YKR011C
	-> YLL032C
	-> YPR117W
	-> YKL063C
	-> YCR075W-A
	-> YCR061W
	-> YNL144C
	-> YLR224W
	-> YNL247W
	-> YGR015C
	-> YLR126C
	-> YOL114C
	-> YLR278C
	-> YMR310C
	-> YOR228C
	-> YLR149C
	-> YNL165W
	-> YHR162W
	-> YFR006W
	-> YOR342C
	-> YIL108W
	-> YLR118C
	-> YLR241W
	-> YPL247C
	-> YLR179C
	-> YHR033W
	-> YFL034W
	-> YKL027W
	-> YGR093W
	-> YCR015C
	-> YJL016W
	-> YPR011C
	-> YGR026W
	-> YHL018W
	-> YJR061W
	-> YMR090W
	-> YBR242W
	-> YMR259C
	-> YEL007W
	-> YBR235W
	-> YMR160W
	-> YBR285W
	-> YOL019W
	-> YNL108C
	-> YJR084W
	-> YBL055C
	-> YGR237C
	-> YDL027C
	-> YER137C
	-> YLR253W
	-> YER134C
	-> YDR476C
	-> YPL067C
	-> YGR067C
	-> YML020W
	-> YNR021W
	-> YLR326W
	-> YGR210C
	-> YBR138C
	-> YIL067C
	-> YLR363W-A
	-> YKL187C
Pre-processed data dimensions: (10297, 1)
Outputting unmapped metabolomics values (if any exist)...
	- Outputting 6 unmapped metabolites for reference.
Broadcasting values where available...
Compiling collapsed reaction reference...
Collapse match threshold: 0.3
Degree threshold for collapsing: 32.0
Analyzing 1621 reactions for collapsing...
Exporting graph...
Graphing complete.

########
STDERR:
########
  % Total    % Received % Xferd  Average Speed   Time    Time     Time  Current
                                 Dload  Upload   Total   Spent    Left  Speed
  0     0    0     0    0     0      0      0 --:--:-- --:--:-- --:--:--     0  0 29.7M    0 31920    0     0   330k      0  0:01:32 --:--:--  0:01:32  331k 24 29.7M   24 7312k    0     0  6686k      0  0:00:04  0:00:01  0:00:03 6690k 49 29.7M   49 14.5M    0     0  7127k      0  0:00:04  0:00:02  0:00:02 7129k 73 29.7M   73 21.9M    0     0  7271k      0  0:00:04  0:00:03  0:00:01 7272k 99 29.7M   99 29.6M    0     0  7397k      0  0:00:04  0:00:04 --:--:-- 7398k100 29.7M  100 29.7M    0     0  7397k      0  0:00:04  0:00:04 --:--:-- 7564k
  % Total    % Received % Xferd  Average Speed   Time    Time     Time  Current
                                 Dload  Upload   Total   Spent    Left  Speed
  0     0    0     0    0     0      0      0 --:--:-- --:--:-- --:--:--     0 14 17.4M   14 2640k    0     0  5365k      0  0:00:03 --:--:--  0:00:03 5366k 56 17.4M   56  9.8M    0     0  6777k      0  0:00:02  0:00:01  0:00:01 6780k 96 17.4M   96 16.8M    0     0  6919k      0  0:00:02  0:00:02 --:--:-- 6921k100 17.4M  100 17.4M    0     0  6952k      0  0:00:02  0:00:02 --:--:-- 6953k
  % Total    % Received % Xferd  Average Speed   Time    Time     Time  Current
                                 Dload  Upload   Total   Spent    Left  Speed
  0     0    0     0    0     0      0      0 --:--:-- --:--:-- --:--:--     0100  669k  100  669k    0     0  3373k      0 --:--:-- --:--:-- --:--:-- 3398k
